mode: set
github.com/vexxhost/vault-plugin-secrets-openstack/path_config_lease.go:13.50,32.2 1 1
github.com/vexxhost/vault-plugin-secrets-openstack/path_config_lease.go:35.129,39.16 2 1
github.com/vexxhost/vault-plugin-secrets-openstack/path_config_lease.go:42.2,42.52 1 1
github.com/vexxhost/vault-plugin-secrets-openstack/path_config_lease.go:46.2,46.17 1 1
github.com/vexxhost/vault-plugin-secrets-openstack/path_config_lease.go:39.16,41.3 1 0
github.com/vexxhost/vault-plugin-secrets-openstack/path_config_lease.go:42.52,44.3 1 0
github.com/vexxhost/vault-plugin-secrets-openstack/path_config_lease.go:49.129,50.64 1 0
github.com/vexxhost/vault-plugin-secrets-openstack/path_config_lease.go:54.2,54.17 1 0
github.com/vexxhost/vault-plugin-secrets-openstack/path_config_lease.go:50.64,52.3 1 0
github.com/vexxhost/vault-plugin-secrets-openstack/path_config_lease.go:58.130,60.16 2 1
github.com/vexxhost/vault-plugin-secrets-openstack/path_config_lease.go:63.2,63.18 1 1
github.com/vexxhost/vault-plugin-secrets-openstack/path_config_lease.go:67.2,71.8 1 1
github.com/vexxhost/vault-plugin-secrets-openstack/path_config_lease.go:60.16,62.3 1 0
github.com/vexxhost/vault-plugin-secrets-openstack/path_config_lease.go:63.18,65.3 1 1
github.com/vexxhost/vault-plugin-secrets-openstack/path_config_lease.go:75.93,77.16 2 1
github.com/vexxhost/vault-plugin-secrets-openstack/path_config_lease.go:80.2,80.18 1 1
github.com/vexxhost/vault-plugin-secrets-openstack/path_config_lease.go:84.2,85.50 2 1
github.com/vexxhost/vault-plugin-secrets-openstack/path_config_lease.go:89.2,89.21 1 1
github.com/vexxhost/vault-plugin-secrets-openstack/path_config_lease.go:77.16,79.3 1 0
github.com/vexxhost/vault-plugin-secrets-openstack/path_config_lease.go:80.18,82.3 1 1
github.com/vexxhost/vault-plugin-secrets-openstack/path_config_lease.go:85.50,87.3 1 0
github.com/vexxhost/vault-plugin-secrets-openstack/path_creds_create.go:13.50,27.2 1 1
github.com/vexxhost/vault-plugin-secrets-openstack/path_creds_create.go:29.127,34.16 3 0
github.com/vexxhost/vault-plugin-secrets-openstack/path_creds_create.go:38.2,38.24 1 0
github.com/vexxhost/vault-plugin-secrets-openstack/path_creds_create.go:42.2,43.16 2 0
github.com/vexxhost/vault-plugin-secrets-openstack/path_creds_create.go:46.2,46.17 1 0
github.com/vexxhost/vault-plugin-secrets-openstack/path_creds_create.go:50.2,51.16 2 0
github.com/vexxhost/vault-plugin-secrets-openstack/path_creds_create.go:56.2,58.16 3 0
github.com/vexxhost/vault-plugin-secrets-openstack/path_creds_create.go:63.2,71.18 3 0
github.com/vexxhost/vault-plugin-secrets-openstack/path_creds_create.go:34.16,37.3 2 0
github.com/vexxhost/vault-plugin-secrets-openstack/path_creds_create.go:38.24,40.3 1 0
github.com/vexxhost/vault-plugin-secrets-openstack/path_creds_create.go:43.16,45.3 1 0
github.com/vexxhost/vault-plugin-secrets-openstack/path_creds_create.go:46.17,48.3 1 0
github.com/vexxhost/vault-plugin-secrets-openstack/path_creds_create.go:51.16,53.3 1 0
github.com/vexxhost/vault-plugin-secrets-openstack/path_creds_create.go:58.16,61.3 2 0
github.com/vexxhost/vault-plugin-secrets-openstack/path_role_set.go:14.48,22.2 1 1
github.com/vexxhost/vault-plugin-secrets-openstack/path_role_set.go:24.44,51.2 1 1
github.com/vexxhost/vault-plugin-secrets-openstack/path_role_set.go:55.120,58.16 3 0
github.com/vexxhost/vault-plugin-secrets-openstack/path_role_set.go:61.2,61.26 1 0
github.com/vexxhost/vault-plugin-secrets-openstack/path_role_set.go:58.16,60.3 1 0
github.com/vexxhost/vault-plugin-secrets-openstack/path_role_set.go:64.101,65.16 1 0
github.com/vexxhost/vault-plugin-secrets-openstack/path_role_set.go:69.2,70.16 2 0
github.com/vexxhost/vault-plugin-secrets-openstack/path_role_set.go:73.2,73.18 1 0
github.com/vexxhost/vault-plugin-secrets-openstack/path_role_set.go:77.2,78.49 2 0
github.com/vexxhost/vault-plugin-secrets-openstack/path_role_set.go:81.2,81.20 1 0
github.com/vexxhost/vault-plugin-secrets-openstack/path_role_set.go:65.16,67.3 1 0
github.com/vexxhost/vault-plugin-secrets-openstack/path_role_set.go:70.16,72.3 1 0
github.com/vexxhost/vault-plugin-secrets-openstack/path_role_set.go:73.18,75.3 1 0
github.com/vexxhost/vault-plugin-secrets-openstack/path_role_set.go:78.49,80.3 1 0
github.com/vexxhost/vault-plugin-secrets-openstack/path_role_set.go:84.126,86.16 2 0
github.com/vexxhost/vault-plugin-secrets-openstack/path_role_set.go:90.2,90.43 1 0
github.com/vexxhost/vault-plugin-secrets-openstack/path_role_set.go:86.16,88.3 1 0
github.com/vexxhost/vault-plugin-secrets-openstack/path_role_set.go:93.127,97.16 3 0
github.com/vexxhost/vault-plugin-secrets-openstack/path_role_set.go:100.2,100.17 1 0
github.com/vexxhost/vault-plugin-secrets-openstack/path_role_set.go:105.2,111.18 2 0
github.com/vexxhost/vault-plugin-secrets-openstack/path_role_set.go:97.16,99.3 1 0
github.com/vexxhost/vault-plugin-secrets-openstack/path_role_set.go:100.17,102.3 1 0
github.com/vexxhost/vault-plugin-secrets-openstack/path_role_set.go:114.128,118.16 3 0
github.com/vexxhost/vault-plugin-secrets-openstack/path_role_set.go:121.2,121.17 1 0
github.com/vexxhost/vault-plugin-secrets-openstack/path_role_set.go:125.2,126.8 2 0
github.com/vexxhost/vault-plugin-secrets-openstack/path_role_set.go:140.2,141.16 2 0
github.com/vexxhost/vault-plugin-secrets-openstack/path_role_set.go:145.2,145.52 1 0
github.com/vexxhost/vault-plugin-secrets-openstack/path_role_set.go:149.2,149.17 1 0
github.com/vexxhost/vault-plugin-secrets-openstack/path_role_set.go:118.16,120.3 1 0
github.com/vexxhost/vault-plugin-secrets-openstack/path_role_set.go:121.17,123.3 1 0
github.com/vexxhost/vault-plugin-secrets-openstack/path_role_set.go:126.8,129.17 3 0
github.com/vexxhost/vault-plugin-secrets-openstack/path_role_set.go:132.3,132.21 1 0
github.com/vexxhost/vault-plugin-secrets-openstack/path_role_set.go:129.17,131.4 1 0
github.com/vexxhost/vault-plugin-secrets-openstack/path_role_set.go:141.16,143.3 1 0
github.com/vexxhost/vault-plugin-secrets-openstack/path_role_set.go:145.52,147.3 1 0
github.com/vexxhost/vault-plugin-secrets-openstack/path_role_set.go:152.129,154.65 2 0
github.com/vexxhost/vault-plugin-secrets-openstack/path_role_set.go:157.2,157.17 1 0
github.com/vexxhost/vault-plugin-secrets-openstack/path_role_set.go:154.65,156.3 1 0
github.com/vexxhost/vault-plugin-secrets-openstack/secret_token.go:17.48,30.2 1 1
github.com/vexxhost/vault-plugin-secrets-openstack/secret_token.go:32.130,34.16 2 0
github.com/vexxhost/vault-plugin-secrets-openstack/secret_token.go:37.2,37.18 1 0
github.com/vexxhost/vault-plugin-secrets-openstack/secret_token.go:40.2,42.18 3 0
github.com/vexxhost/vault-plugin-secrets-openstack/secret_token.go:34.16,36.3 1 0
github.com/vexxhost/vault-plugin-secrets-openstack/secret_token.go:37.18,39.3 1 0
github.com/vexxhost/vault-plugin-secrets-openstack/secret_token.go:45.131,47.16 2 0
github.com/vexxhost/vault-plugin-secrets-openstack/secret_token.go:51.2,51.14 1 0
github.com/vexxhost/vault-plugin-secrets-openstack/secret_token.go:55.2,56.9 2 0
github.com/vexxhost/vault-plugin-secrets-openstack/secret_token.go:59.2,60.9 2 0
github.com/vexxhost/vault-plugin-secrets-openstack/secret_token.go:64.2,64.37 1 0
github.com/vexxhost/vault-plugin-secrets-openstack/secret_token.go:68.2,68.17 1 0
github.com/vexxhost/vault-plugin-secrets-openstack/secret_token.go:47.16,49.3 1 0
github.com/vexxhost/vault-plugin-secrets-openstack/secret_token.go:51.14,53.3 1 0
github.com/vexxhost/vault-plugin-secrets-openstack/secret_token.go:56.9,58.3 1 0
github.com/vexxhost/vault-plugin-secrets-openstack/secret_token.go:60.9,62.3 1 0
github.com/vexxhost/vault-plugin-secrets-openstack/secret_token.go:64.37,66.3 1 0
github.com/vexxhost/vault-plugin-secrets-openstack/backend.go:22.89,24.16 2 1
github.com/vexxhost/vault-plugin-secrets-openstack/backend.go:28.2,28.17 1 1
github.com/vexxhost/vault-plugin-secrets-openstack/backend.go:32.2,32.43 1 1
github.com/vexxhost/vault-plugin-secrets-openstack/backend.go:36.2,36.15 1 1
github.com/vexxhost/vault-plugin-secrets-openstack/backend.go:24.16,26.3 1 0
github.com/vexxhost/vault-plugin-secrets-openstack/backend.go:28.17,30.3 1 0
github.com/vexxhost/vault-plugin-secrets-openstack/backend.go:32.43,34.3 1 0
github.com/vexxhost/vault-plugin-secrets-openstack/backend.go:39.37,61.2 3 1
github.com/vexxhost/vault-plugin-secrets-openstack/client.go:17.96,19.16 2 0
github.com/vexxhost/vault-plugin-secrets-openstack/client.go:23.2,41.16 5 0
github.com/vexxhost/vault-plugin-secrets-openstack/client.go:46.2,49.8 1 0
github.com/vexxhost/vault-plugin-secrets-openstack/client.go:19.16,22.3 2 0
github.com/vexxhost/vault-plugin-secrets-openstack/client.go:41.16,44.3 2 0
github.com/vexxhost/vault-plugin-secrets-openstack/client.go:52.112,54.2 1 0
github.com/vexxhost/vault-plugin-secrets-openstack/client.go:56.55,58.2 1 0
github.com/vexxhost/vault-plugin-secrets-openstack/path_config_access.go:13.51,86.2 1 1
github.com/vexxhost/vault-plugin-secrets-openstack/path_config_access.go:88.124,90.16 2 0
github.com/vexxhost/vault-plugin-secrets-openstack/path_config_access.go:94.2,94.26 1 0
github.com/vexxhost/vault-plugin-secrets-openstack/path_config_access.go:90.16,92.3 1 0
github.com/vexxhost/vault-plugin-secrets-openstack/path_config_access.go:97.104,99.16 2 1
github.com/vexxhost/vault-plugin-secrets-openstack/path_config_access.go:102.2,102.18 1 1
github.com/vexxhost/vault-plugin-secrets-openstack/path_config_access.go:106.2,107.47 2 1
github.com/vexxhost/vault-plugin-secrets-openstack/path_config_access.go:111.2,111.18 1 1
github.com/vexxhost/vault-plugin-secrets-openstack/path_config_access.go:99.16,101.3 1 0
github.com/vexxhost/vault-plugin-secrets-openstack/path_config_access.go:102.18,104.3 1 1
github.com/vexxhost/vault-plugin-secrets-openstack/path_config_access.go:107.47,109.3 1 0
github.com/vexxhost/vault-plugin-secrets-openstack/path_config_access.go:114.137,116.16 2 1
github.com/vexxhost/vault-plugin-secrets-openstack/path_config_access.go:119.2,119.17 1 1
github.com/vexxhost/vault-plugin-secrets-openstack/path_config_access.go:123.2,136.8 1 1
github.com/vexxhost/vault-plugin-secrets-openstack/path_config_access.go:116.16,118.3 1 0
github.com/vexxhost/vault-plugin-secrets-openstack/path_config_access.go:119.17,121.3 1 1
github.com/vexxhost/vault-plugin-secrets-openstack/path_config_access.go:139.138,141.16 2 1
github.com/vexxhost/vault-plugin-secrets-openstack/path_config_access.go:144.2,144.17 1 1
github.com/vexxhost/vault-plugin-secrets-openstack/path_config_access.go:148.2,149.8 2 1
github.com/vexxhost/vault-plugin-secrets-openstack/path_config_access.go:152.2,153.8 2 1
github.com/vexxhost/vault-plugin-secrets-openstack/path_config_access.go:156.2,157.8 2 1
github.com/vexxhost/vault-plugin-secrets-openstack/path_config_access.go:160.2,161.8 2 1
github.com/vexxhost/vault-plugin-secrets-openstack/path_config_access.go:164.2,165.8 2 1
github.com/vexxhost/vault-plugin-secrets-openstack/path_config_access.go:168.2,169.8 2 1
github.com/vexxhost/vault-plugin-secrets-openstack/path_config_access.go:172.2,173.8 2 1
github.com/vexxhost/vault-plugin-secrets-openstack/path_config_access.go:176.2,177.8 2 1
github.com/vexxhost/vault-plugin-secrets-openstack/path_config_access.go:180.2,181.8 2 1
github.com/vexxhost/vault-plugin-secrets-openstack/path_config_access.go:184.2,185.8 2 1
github.com/vexxhost/vault-plugin-secrets-openstack/path_config_access.go:188.2,189.8 2 1
github.com/vexxhost/vault-plugin-secrets-openstack/path_config_access.go:192.2,193.8 2 1
github.com/vexxhost/vault-plugin-secrets-openstack/path_config_access.go:197.2,198.16 2 1
github.com/vexxhost/vault-plugin-secrets-openstack/path_config_access.go:201.2,201.52 1 1
github.com/vexxhost/vault-plugin-secrets-openstack/path_config_access.go:205.2,205.17 1 1
github.com/vexxhost/vault-plugin-secrets-openstack/path_config_access.go:141.16,143.3 1 0
github.com/vexxhost/vault-plugin-secrets-openstack/path_config_access.go:144.17,146.3 1 1
github.com/vexxhost/vault-plugin-secrets-openstack/path_config_access.go:149.8,151.3 1 1
github.com/vexxhost/vault-plugin-secrets-openstack/path_config_access.go:153.8,155.3 1 1
github.com/vexxhost/vault-plugin-secrets-openstack/path_config_access.go:157.8,159.3 1 1
github.com/vexxhost/vault-plugin-secrets-openstack/path_config_access.go:161.8,163.3 1 1
github.com/vexxhost/vault-plugin-secrets-openstack/path_config_access.go:165.8,167.3 1 1
github.com/vexxhost/vault-plugin-secrets-openstack/path_config_access.go:169.8,171.3 1 1
github.com/vexxhost/vault-plugin-secrets-openstack/path_config_access.go:173.8,175.3 1 1
github.com/vexxhost/vault-plugin-secrets-openstack/path_config_access.go:177.8,179.3 1 1
github.com/vexxhost/vault-plugin-secrets-openstack/path_config_access.go:181.8,183.3 1 1
github.com/vexxhost/vault-plugin-secrets-openstack/path_config_access.go:185.8,187.3 1 1
github.com/vexxhost/vault-plugin-secrets-openstack/path_config_access.go:189.8,191.3 1 1
github.com/vexxhost/vault-plugin-secrets-openstack/path_config_access.go:193.8,195.3 1 1
github.com/vexxhost/vault-plugin-secrets-openstack/path_config_access.go:198.16,200.3 1 0
github.com/vexxhost/vault-plugin-secrets-openstack/path_config_access.go:201.52,203.3 1 0
github.com/vexxhost/vault-plugin-secrets-openstack/path_config_access.go:208.139,209.65 1 0
github.com/vexxhost/vault-plugin-secrets-openstack/path_config_access.go:212.2,212.17 1 0
github.com/vexxhost/vault-plugin-secrets-openstack/path_config_access.go:209.65,211.3 1 0
